[debug] [2023-11-11T18:55:56.803Z] ----------------------------------------------------------------------
[debug] [2023-11-11T18:55:56.806Z] Command:       /usr/local/bin/node /usr/local/bin/firebase deploy
[debug] [2023-11-11T18:55:56.806Z] CLI Version:   12.8.1
[debug] [2023-11-11T18:55:56.806Z] Platform:      darwin
[debug] [2023-11-11T18:55:56.806Z] Node Version:  v20.7.0
[debug] [2023-11-11T18:55:56.806Z] Time:          Sat Nov 11 2023 19:55:56 GMT+0100 (GMT+01:00)
[debug] [2023-11-11T18:55:56.806Z] ----------------------------------------------------------------------
[debug] 
[debug] [2023-11-11T18:55:56.851Z] > command requires scopes: ["email","openid","https://www.googleapis.com/auth/cloudplatformprojects.readonly","https://www.googleapis.com/auth/firebase","https://www.googleapis.com/auth/cloud-platform"]
[debug] [2023-11-11T18:55:56.851Z] > authorizing via signed-in user (pinkowski.jakub@gmail.com)
[debug] [2023-11-11T18:55:56.851Z] [iam] checking project links-page-41b65 for permissions ["firebase.projects.get","firebasehosting.sites.update"]
[debug] [2023-11-11T18:55:56.852Z] >>> [apiv2][query] POST https://cloudresourcemanager.googleapis.com/v1/projects/links-page-41b65:testIamPermissions [none]
[debug] [2023-11-11T18:55:56.852Z] >>> [apiv2][(partial)header] POST https://cloudresourcemanager.googleapis.com/v1/projects/links-page-41b65:testIamPermissions x-goog-quota-user=projects/links-page-41b65
[debug] [2023-11-11T18:55:56.852Z] >>> [apiv2][body] POST https://cloudresourcemanager.googleapis.com/v1/projects/links-page-41b65:testIamPermissions {"permissions":["firebase.projects.get","firebasehosting.sites.update"]}
[debug] [2023-11-11T18:55:57.617Z] <<< [apiv2][status] POST https://cloudresourcemanager.googleapis.com/v1/projects/links-page-41b65:testIamPermissions 200
[debug] [2023-11-11T18:55:57.618Z] <<< [apiv2][body] POST https://cloudresourcemanager.googleapis.com/v1/projects/links-page-41b65:testIamPermissions {"permissions":["firebase.projects.get","firebasehosting.sites.update"]}
[debug] [2023-11-11T18:55:57.618Z] >>> [apiv2][query] GET https://firebase.googleapis.com/v1beta1/projects/links-page-41b65 [none]
[debug] [2023-11-11T18:55:58.024Z] <<< [apiv2][status] GET https://firebase.googleapis.com/v1beta1/projects/links-page-41b65 200
[debug] [2023-11-11T18:55:58.025Z] <<< [apiv2][body] GET https://firebase.googleapis.com/v1beta1/projects/links-page-41b65 {"projectId":"links-page-41b65","projectNumber":"582135528803","displayName":"links-page","name":"projects/links-page-41b65","resources":{"hostingSite":"links-page-41b65","storageBucket":"links-page-41b65.appspot.com","locationId":"europe-west"},"state":"ACTIVE","etag":"1_a2e4abf4-9274-4a18-b13e-655cab5057ec"}
[debug] [2023-11-11T18:55:58.944Z] defaultcredentials: writing to file /Users/jakubpinkowski/.config/firebase/pinkowski_jakub_gmail.com_application_default_credentials.json
[debug] [2023-11-11T18:55:58.945Z] >>> [apiv2][query] GET https://firebasehosting.googleapis.com/v1beta1/projects/links-page-41b65/sites pageToken=&pageSize=10
[debug] [2023-11-11T18:55:59.992Z] <<< [apiv2][status] GET https://firebasehosting.googleapis.com/v1beta1/projects/links-page-41b65/sites 200
[debug] [2023-11-11T18:55:59.992Z] <<< [apiv2][body] GET https://firebasehosting.googleapis.com/v1beta1/projects/links-page-41b65/sites {"sites":[{"name":"projects/links-page-41b65/sites/links-page-41b65","defaultUrl":"https://links-page-41b65.web.app","type":"DEFAULT_SITE"}]}
[debug] [2023-11-11T18:55:59.994Z] >>> [apiv2][query] GET https://firebasehosting.googleapis.com/v1beta1/projects/links-page-41b65/sites 
[debug] [2023-11-11T18:56:00.378Z] <<< [apiv2][status] GET https://firebasehosting.googleapis.com/v1beta1/projects/links-page-41b65/sites 200
[debug] [2023-11-11T18:56:00.379Z] <<< [apiv2][body] GET https://firebasehosting.googleapis.com/v1beta1/projects/links-page-41b65/sites {"sites":[{"name":"projects/links-page-41b65/sites/links-page-41b65","defaultUrl":"https://links-page-41b65.web.app","type":"DEFAULT_SITE"}]}
[debug] [2023-11-11T18:56:00.379Z] >>> [apiv2][query] GET https://firebase.googleapis.com/v1beta1/projects/links-page-41b65/webApps/-/config [none]
[debug] [2023-11-11T18:56:01.196Z] <<< [apiv2][status] GET https://firebase.googleapis.com/v1beta1/projects/links-page-41b65/webApps/-/config 200
[debug] [2023-11-11T18:56:01.197Z] <<< [apiv2][body] GET https://firebase.googleapis.com/v1beta1/projects/links-page-41b65/webApps/-/config {"projectId":"links-page-41b65","appId":"1:582135528803:web:e6084f764c4fe676426756","storageBucket":"links-page-41b65.appspot.com","locationId":"europe-west","apiKey":"AIzaSyARSNjueh5l-a9W0of42utMvYwcFzaelWc","authDomain":"links-page-41b65.firebaseapp.com","messagingSenderId":"582135528803"}
[info] 
   Thank you for trying our experimental support for SvelteKit on Firebase Hosting.
   While this integration is maintained by Googlers it is not a supported Firebase product.
   Issues filed on GitHub will be addressed on a best-effort basis by maintainers and other community members.

   Documentation: https://firebase.google.com/docs/hosting/frameworks/frameworks-overview
   File a bug: https://github.com/firebase/firebase-tools/issues/new?template=bug_report.md
   Submit a feature request: https://github.com/firebase/firebase-tools/issues/new?template=feature_request.md

   We'd love to learn from you. Express your interest in helping us shape the future of Firebase Hosting: https://goo.gle/41enW5X

[debug] [2023-11-11T18:56:07.755Z] Error: Command failed: npm i --omit dev --no-audit
    at checkExecSyncError (node:child_process:890:11)
    at execSync (node:child_process:962:15)
    at prepareFrameworks (/usr/local/lib/node_modules/firebase-tools/lib/frameworks/index.js:367:42)
    at async deploy (/usr/local/lib/node_modules/firebase-tools/lib/deploy/index.js:55:13)
[error] 
[error] Error: An unexpected error has occurred.
[debug] [2023-11-11T18:56:33.434Z] ----------------------------------------------------------------------
[debug] [2023-11-11T18:56:33.436Z] Command:       /usr/local/bin/node /usr/local/bin/firebase deploy
[debug] [2023-11-11T18:56:33.436Z] CLI Version:   12.8.1
[debug] [2023-11-11T18:56:33.436Z] Platform:      darwin
[debug] [2023-11-11T18:56:33.437Z] Node Version:  v20.7.0
[debug] [2023-11-11T18:56:33.437Z] Time:          Sat Nov 11 2023 19:56:33 GMT+0100 (GMT+01:00)
[debug] [2023-11-11T18:56:33.437Z] ----------------------------------------------------------------------
[debug] 
[debug] [2023-11-11T18:56:33.474Z] > command requires scopes: ["email","openid","https://www.googleapis.com/auth/cloudplatformprojects.readonly","https://www.googleapis.com/auth/firebase","https://www.googleapis.com/auth/cloud-platform"]
[debug] [2023-11-11T18:56:33.474Z] > authorizing via signed-in user (pinkowski.jakub@gmail.com)
[debug] [2023-11-11T18:56:33.475Z] [iam] checking project links-page-41b65 for permissions ["firebase.projects.get","firebasehosting.sites.update"]
[debug] [2023-11-11T18:56:33.475Z] >>> [apiv2][query] POST https://cloudresourcemanager.googleapis.com/v1/projects/links-page-41b65:testIamPermissions [none]
[debug] [2023-11-11T18:56:33.475Z] >>> [apiv2][(partial)header] POST https://cloudresourcemanager.googleapis.com/v1/projects/links-page-41b65:testIamPermissions x-goog-quota-user=projects/links-page-41b65
[debug] [2023-11-11T18:56:33.476Z] >>> [apiv2][body] POST https://cloudresourcemanager.googleapis.com/v1/projects/links-page-41b65:testIamPermissions {"permissions":["firebase.projects.get","firebasehosting.sites.update"]}
[debug] [2023-11-11T18:56:34.282Z] <<< [apiv2][status] POST https://cloudresourcemanager.googleapis.com/v1/projects/links-page-41b65:testIamPermissions 200
[debug] [2023-11-11T18:56:34.283Z] <<< [apiv2][body] POST https://cloudresourcemanager.googleapis.com/v1/projects/links-page-41b65:testIamPermissions {"permissions":["firebase.projects.get","firebasehosting.sites.update"]}
[debug] [2023-11-11T18:56:34.285Z] >>> [apiv2][query] GET https://firebase.googleapis.com/v1beta1/projects/links-page-41b65 [none]
[debug] [2023-11-11T18:56:34.568Z] <<< [apiv2][status] GET https://firebase.googleapis.com/v1beta1/projects/links-page-41b65 200
[debug] [2023-11-11T18:56:34.568Z] <<< [apiv2][body] GET https://firebase.googleapis.com/v1beta1/projects/links-page-41b65 {"projectId":"links-page-41b65","projectNumber":"582135528803","displayName":"links-page","name":"projects/links-page-41b65","resources":{"hostingSite":"links-page-41b65","storageBucket":"links-page-41b65.appspot.com","locationId":"europe-west"},"state":"ACTIVE","etag":"1_a2e4abf4-9274-4a18-b13e-655cab5057ec"}
[debug] [2023-11-11T18:56:35.503Z] defaultcredentials: writing to file /Users/jakubpinkowski/.config/firebase/pinkowski_jakub_gmail.com_application_default_credentials.json
[debug] [2023-11-11T18:56:35.504Z] >>> [apiv2][query] GET https://firebasehosting.googleapis.com/v1beta1/projects/links-page-41b65/sites pageToken=&pageSize=10
[debug] [2023-11-11T18:56:36.492Z] <<< [apiv2][status] GET https://firebasehosting.googleapis.com/v1beta1/projects/links-page-41b65/sites 200
[debug] [2023-11-11T18:56:36.493Z] <<< [apiv2][body] GET https://firebasehosting.googleapis.com/v1beta1/projects/links-page-41b65/sites {"sites":[{"name":"projects/links-page-41b65/sites/links-page-41b65","defaultUrl":"https://links-page-41b65.web.app","type":"DEFAULT_SITE"}]}
[debug] [2023-11-11T18:56:36.494Z] >>> [apiv2][query] GET https://firebasehosting.googleapis.com/v1beta1/projects/links-page-41b65/sites 
[debug] [2023-11-11T18:56:36.766Z] <<< [apiv2][status] GET https://firebasehosting.googleapis.com/v1beta1/projects/links-page-41b65/sites 200
[debug] [2023-11-11T18:56:36.766Z] <<< [apiv2][body] GET https://firebasehosting.googleapis.com/v1beta1/projects/links-page-41b65/sites {"sites":[{"name":"projects/links-page-41b65/sites/links-page-41b65","defaultUrl":"https://links-page-41b65.web.app","type":"DEFAULT_SITE"}]}
[debug] [2023-11-11T18:56:36.767Z] >>> [apiv2][query] GET https://firebase.googleapis.com/v1beta1/projects/links-page-41b65/webApps/-/config [none]
[debug] [2023-11-11T18:56:37.342Z] <<< [apiv2][status] GET https://firebase.googleapis.com/v1beta1/projects/links-page-41b65/webApps/-/config 200
[debug] [2023-11-11T18:56:37.342Z] <<< [apiv2][body] GET https://firebase.googleapis.com/v1beta1/projects/links-page-41b65/webApps/-/config {"projectId":"links-page-41b65","appId":"1:582135528803:web:e6084f764c4fe676426756","storageBucket":"links-page-41b65.appspot.com","locationId":"europe-west","apiKey":"AIzaSyARSNjueh5l-a9W0of42utMvYwcFzaelWc","authDomain":"links-page-41b65.firebaseapp.com","messagingSenderId":"582135528803"}
[info] 
   Thank you for trying our experimental support for SvelteKit on Firebase Hosting.
   While this integration is maintained by Googlers it is not a supported Firebase product.
   Issues filed on GitHub will be addressed on a best-effort basis by maintainers and other community members.

   Documentation: https://firebase.google.com/docs/hosting/frameworks/frameworks-overview
   File a bug: https://github.com/firebase/firebase-tools/issues/new?template=bug_report.md
   Submit a feature request: https://github.com/firebase/firebase-tools/issues/new?template=feature_request.md

   We'd love to learn from you. Express your interest in helping us shape the future of Firebase Hosting: https://goo.gle/41enW5X

[debug] [2023-11-11T18:56:50.097Z] Error: Command failed: npm i --omit dev --no-audit
    at checkExecSyncError (node:child_process:890:11)
    at execSync (node:child_process:962:15)
    at prepareFrameworks (/usr/local/lib/node_modules/firebase-tools/lib/frameworks/index.js:367:42)
    at async deploy (/usr/local/lib/node_modules/firebase-tools/lib/deploy/index.js:55:13)
[error] 
[error] Error: An unexpected error has occurred.
